
 *------------------------------------------------------------------------------------* 
 |                                                                                    | 
 |  *------------------------------------------------------------------------------*  | 
 |  |                                                                              |  | 
 |  |                                                                              |  | 
 |  |   PPP   Y   Y  TTTTT  H   H  III    A      Welcome to the Lund Monte Carlo!  |  | 
 |  |   P  P   Y Y     T    H   H   I    A A     This is PYTHIA version 8.315      |  | 
 |  |   PPP     Y      T    HHHHH   I   AAAAA    Last date of change: 27 May 2025  |  | 
 |  |   P       Y      T    H   H   I   A   A                                      |  | 
 |  |   P       Y      T    H   H  III  A   A    Now is 10 Jul 2026 at 10:53:46    |  | 
 |  |                                                                              |  | 
 |  |   Program documentation and an archive of historic versions is found on:     |  | 
 |  |                                                                              |  | 
 |  |                               https://pythia.org/                            |  | 
 |  |                                                                              |  | 
 |  |   PYTHIA is authored by a collaboration consisting of:                       |  | 
 |  |                                                                              |  | 
 |  |   Javira Altmann, Christian Bierlich, Naomi Cooke, Nishita Desai,            |  | 
 |  |   Ilkka Helenius, Philip Ilten, Leif Lonnblad, Stephen Mrenna,               |  | 
 |  |   Christian Preuss, Torbjorn Sjostrand, and Peter Skands.                    |  | 
 |  |                                                                              |  | 
 |  |   The complete list of authors, including contact information and            |  | 
 |  |   affiliations, can be found on https://pythia.org/.                         |  | 
 |  |   Problems or bugs should be reported on email at authors@pythia.org.        |  | 
 |  |                                                                              |  | 
 |  |   The main program reference is C. Bierlich et al,                           |  | 
 |  |   'A comprehensive guide to the physics and usage of Pythia 8.3',            |  | 
 |  |   SciPost Phys. Codebases 8-r8.3 (2022) [arXiv:2203.11601 [hep-ph]]          |  | 
 |  |                                                                              |  | 
 |  |   PYTHIA is released under the GNU General Public Licence version 2          |  | 
 |  |   or later. Please respect the MCnet Guidelines for Generator Authors        |  | 
 |  |   and Users.                                                                 |  | 
 |  |                                                                              |  | 
 |  |   Disclaimer: this program comes without any guarantees.                     |  | 
 |  |   Beware of errors and use common sense when interpreting results.           |  | 
 |  |                                                                              |  | 
 |  |   Copyright (C) 2025 Torbjorn Sjostrand                                      |  | 
 |  |                                                                              |  | 
 |  |                                                                              |  | 
 |  *------------------------------------------------------------------------------*  | 
 |                                                                                    | 
 *------------------------------------------------------------------------------------* 


 *-------  PYTHIA Process Initialization  --------------------------*
 |                                                                  |
 | We collide p+ with p+ at a CM energy of 1.300e+04 GeV            |
 |                                                                  |
 |------------------------------------------------------------------|
 |                                                    |             |
 | Subprocess                                    Code |   Estimated |
 |                                                    |    max (mb) |
 |                                                    |             |
 |------------------------------------------------------------------|
 |                                                    |             |
 | g g -> Dv Dvbar                               4901 |   3.668e-10 |
 |                                                                  |
 *-------  End PYTHIA Process Initialization -----------------------*

 *-------  PYTHIA Multiparton Interactions Initialization  ---------* 
 |                                                                  | 
 |                   sigmaNonDiffractive =    56.42 mb              | 
 |                                                                  | 
 |    pT0 =  2.60 gives sigmaInteraction =   317.85 mb: accepted    | 
 |                                                                  | 
 *-------  End PYTHIA Multiparton Interactions Initialization  -----* 

 *-------  PYTHIA Flag + Mode + Parm + Word + FVec + MVec + PVec + WVec Settings (changes only)  ------------------* 
 |                                                                                                                 | 
 | Name                                          |                      Now |      Default         Min         Max | 
 |                                               |                          |                                      | 
 | Beams:eCM                                     |                13000.000 |    14000.000         0.0             | 
 | HiddenValley:alphaOrder                       |                        1 |            0           0           3 | 
 | HiddenValley:fragment                         |                       on |          off                         | 
 | HiddenValley:FSR                              |                       on |          off                         | 
 | HiddenValley:gg2DvDvbar                       |                       on |          off                         | 
 | HiddenValley:Lambda                           |                  4.00000 |      0.40000   0.0100000             | 
 | HiddenValley:nFlav                            |                        3 |            1           1           8 | 
 | HiddenValley:pTminFSR                         |                  6.00000 |      0.44000     0.10000             | 
 | HiddenValley:setLambda                        |                       on |          off                         | 
 | Init:showChangedParticleData                  |                      off |           on                         | 
 | Next:numberCount                              |                      100 |         1000           0             | 
 | Next:numberShowEvent                          |                        0 |            1           0             | 
 | Next:numberShowInfo                           |                        0 |            1           0             | 
 | StringZ:useOldAExtra                          |                       on |          off                         | 
 |                                                                                                                 | 
 *-------  End PYTHIA Flag + Mode + Parm + Word + FVec + MVec + PVec + WVec Settings  -----------------------------* 

 --------  PYTHIA Event Listing  (hard process)  -----------------------------------------------------------------------------------
 
    no         id  name            status     mothers   daughters     colours      p_x        p_y        p_z         e          m 
     0         90  (system)           -11     0     0     0     0     0     0      0.000      0.000      0.000  13000.000  13000.000
     1       2212  (p+)               -12     0     0     3     0     0     0      0.000      0.000   6500.000   6500.000      0.938
     2       2212  (p+)               -12     0     0     4     0     0     0      0.000      0.000  -6500.000   6500.000      0.938
     3         21  (g)                -21     1     0     5     6   101   102      0.000      0.000   1834.352   1834.352      0.000
     4         21  (g)                -21     2     0     5     6   103   101      0.000      0.000   -765.036    765.036      0.000
     5    4900001  (Dv)               -22     3     4     7     8   103     0     47.709   -247.653   -103.869   1037.381   1000.881
     6   -4900001  (Dvbar)            -22     3     4     9    10     0   102    -47.709    247.653   1173.185   1562.007    999.948
     7          1  d                   23     5     0     0     0   103     0    444.944    148.024    -83.623    476.318      0.330
     8    4900101  qv1                 23     5     0     0     0     0     0   -397.235   -395.677    -20.245    561.063      5.000
     9         -1  dbar                23     6     0     0     0     0   102   -464.617    100.608    959.842   1071.115      0.330
    10   -4900101  qv1bar              23     6     0     0     0     0     0    416.908    147.045    213.343    490.892      5.000
                                   Charge sum:  0.000           Momentum sum:      0.000     -0.000   1069.317   2599.388   2369.257

 --------  End PYTHIA Event Listing  -----------------------------------------------------------------------------------------------

 -- HV-coloured particles --
   i      no   colHV  acolHV
   0       5     104       0
   1       6       0     104
   2       8     104       0
   3      10       0     104
 ---------------------------

 -- HV-coloured particles --
   i      no   colHV  acolHV
   0       5     104       0
   1       6       0     104
   2       9     104       0
   3      10       0     104
   4      14     104       0
   5      15       0     104
   6      20     104       0
   7      21       0     104
   8      30       0     104
   9      39       0     104
  10     100     104       0
  11     101       0     104
  12     486       0     104
  13     569     104       0
  14     570       0     104
  15     621     104       0
  16     622       0     104
  17     818     104       0
  18     819     293       0
  19     820     104     293
  20     822     295     293
  21     823     104     295
  22     827     293       0
  23     828     297     293
  24     829     295     297
  25     830     104     295
  26     831     298       0
  27     832     293     298
  28     833     297     293
  29     834     297     299
  30     835     299     293
  31     836     293     298
  32     842     298       0
  33     860     298       0
  34     862       0     104
  35     863       0     316
  36     864     316     104
  37     866     316     318
  38     867     318     104
  39     871       0     316
  40     872     320     318
  41     873     316     320
  42     874       0     316
  43     875     320     321
  44     876     321     318
  45     877     318     104
  46     878     318     322
  47     879     322     104
  48     881     323     322
  49     882     318     323
  50     883     321     318
  51     884     323     324
  52     885     324     322
  53     886     322     104
  54     904       0     316
  55     910       0     316
  56     916       0     316
 ---------------------------
#--------------------------------------------------------------------------
#                         FastJet release 3.5.1
#                 M. Cacciari, G.P. Salam and G. Soyez                  
#     A software package for jet finding and analysis at colliders      
#                           https://fastjet.fr                           
#	                                                                      
# Please cite EPJC72(2012)1896 [arXiv:1111.6097] if you use this package
# for scientific work and optionally PLB641(2006)57 [hep-ph/0512210].   
#                                                                       
# FastJet is provided without warranty under the GNU GPL v2 or higher.  
# It uses T. Chan's closest pair algorithm, S. Fortune's Voronoi code
# and 3rd party plugin jet algorithms. See COPYING file for details.
#--------------------------------------------------------------------------

 Pythia::next(): 100 events have been generated 

 Pythia::next(): 200 events have been generated 

 Pythia::next(): 300 events have been generated 

 Pythia::next(): 400 events have been generated 

 Pythia::next(): 500 events have been generated 

 Pythia::next(): 600 events have been generated 

 Pythia::next(): 700 events have been generated 

 Pythia::next(): 800 events have been generated 

 Pythia::next(): 900 events have been generated 

 *-------  PYTHIA Event and Cross Section Statistics  -------------------------------------------------------------*
 |                                                                                                                 |
 | Subprocess                                    Code |            Number of events       |      sigma +- delta    |
 |                                                    |       Tried   Selected   Accepted |     (estimated) (mb)   |
 |                                                    |                                   |                        |
 |-----------------------------------------------------------------------------------------------------------------|
 |                                                    |                                   |                        |
 | g g -> Dv Dvbar                               4901 |       36119       1000       1000 |   1.049e-11  1.589e-13 |
 |                                                    |                                   |                        |
 | sum                                                |       36119       1000       1000 |   1.049e-11  1.589e-13 |
 |                                                                                                                 |
 *-------  End PYTHIA Event and Cross Section Statistics ----------------------------------------------------------*

 *-------  PYTHIA Error and Warning Messages Statistics  ----------------------------------------------------------* 
 |                                                                                                                 | 
 |  times   message                                                                                                | 
 |                                                                                                                 | 
 |      0   no errors or warnings to report                                                                        | 
 |                                                                                                                 | 
 *-------  End PYTHIA Error and Warning Messages Statistics  ------------------------------------------------------* 


  2026-07-10 10:53       number of HV gluons

        9.00*10^ 1            3                                                                                         
        8.70*10^ 1            X                                                                                         
        8.40*10^ 1            X3                                                                                        
        8.10*10^ 1            XX                                                                                        
        7.80*10^ 1         7 7XX                                                                                        
        7.50*10^ 1         X3XXX                                                                                        
        7.20*10^ 1         XXXXX                                                                                        
        6.90*10^ 1         XXXXX3                                                                                       
        6.60*10^ 1         XXXXXX 3                                                                                     
        6.30*10^ 1         XXXXXX X                                                                                     
        6.00*10^ 1        7XXXXXXXX                                                                                     
        5.70*10^ 1       3XXXXXXXXX                                                                                     
        5.40*10^ 1       XXXXXXXXXX                                                                                     
        5.10*10^ 1       XXXXXXXXXX                                                                                     
        4.80*10^ 1       XXXXXXXXXX77                                                                                   
        4.50*10^ 1       XXXXXXXXXXXX                                                                                   
        4.20*10^ 1       XXXXXXXXXXXX                                                                                   
        3.90*10^ 1       XXXXXXXXXXXX                                                                                   
        3.60*10^ 1       XXXXXXXXXXXX                                                                                   
        3.30*10^ 1       XXXXXXXXXXXX7                                                                                  
        3.00*10^ 1       XXXXXXXXXXXXX7                                                                                 
        2.70*10^ 1     3 XXXXXXXXXXXXXX                                                                                 
        2.40*10^ 1     X XXXXXXXXXXXXXX3                                                                                
        2.10*10^ 1     X7XXXXXXXXXXXXXXX                                                                                
        1.80*10^ 1    XXXXXXXXXXXXXXXXXX                                                                                
        1.50*10^ 1    XXXXXXXXXXXXXXXXXX7                                                                               
        1.20*10^ 1    XXXXXXXXXXXXXXXXXXX33                                                                             
        0.90*10^ 1    XXXXXXXXXXXXXXXXXXXXX3                                                                            
        0.60*10^ 1   3XXXXXXXXXXXXXXXXXXXXXX7                                                                           
        0.30*10^ 1   XXXXXXXXXXXXXXXXXXXXXXXXX33 7    3                                                                 

          Contents                                                                                                      
            *10^ 1  0012255777886664432211100000000000000000000000000000000000000000000000000000000000000000000000000000
            *10^ 0  0485059737827047729240075311020000100000000000000000000000000000000000000000000000000000000000000000
            *10^-1  0000000000000000000000000000000000000000000000000000000000000000000000000000000000000000000000000000
            *10^-2  0000000000000000000000000000000000000000000000000000000000000000000000000000000000000000000000000000

          Low edge  -                                                                                                   
            *10^ 1  0000000000011111111112222222222333333333344444444445555555555666666666677777777778888888888999999999
            *10^ 0  0012345678901234567890123456789012345678901234567890123456789012345678901234567890123456789012345678
            *10^-1  5555555555555555555555555555555555555555555555555555555555555555555555555555555555555555555555555555

   Entries  =      1000   xMin =    -0.500   Underflow =     0.000   Mean   =    11.054   RMS  =     4.941
   SumW(in) =  1000.000   xMax =    99.500   Overflow  =     0.000   Median =    10.549   nEff =  1000.000


  2026-07-10 10:53       number of HV gammas

        1.00*10^ 3  X                                                                                                   
        0.96*10^ 3  X                                                                                                   
        0.92*10^ 3  X                                                                                                   
        0.88*10^ 3  X                                                                                                   
        0.84*10^ 3  X                                                                                                   
        0.80*10^ 3  X                                                                                                   
        0.76*10^ 3  X                                                                                                   
        0.72*10^ 3  X                                                                                                   
        0.68*10^ 3  X                                                                                                   
        0.64*10^ 3  X                                                                                                   
        0.60*10^ 3  X                                                                                                   
        0.56*10^ 3  X                                                                                                   
        0.52*10^ 3  X                                                                                                   
        0.48*10^ 3  X                                                                                                   
        0.44*10^ 3  X                                                                                                   
        0.40*10^ 3  X                                                                                                   
        0.36*10^ 3  X                                                                                                   
        0.32*10^ 3  X                                                                                                   
        0.28*10^ 3  X                                                                                                   
        0.24*10^ 3  X                                                                                                   
        0.20*10^ 3  X                                                                                                   
        0.16*10^ 3  X                                                                                                   
        0.12*10^ 3  X                                                                                                   
        0.08*10^ 3  X                                                                                                   
        0.04*10^ 3  X                                                                                                   

          Contents                                                                                                      
            *10^ 3  1000000000000000000000000000000000000000000000000000000000000000000000000000000000000000000000000000
            *10^ 2  0000000000000000000000000000000000000000000000000000000000000000000000000000000000000000000000000000
            *10^ 1  0000000000000000000000000000000000000000000000000000000000000000000000000000000000000000000000000000
            *10^ 0  0000000000000000000000000000000000000000000000000000000000000000000000000000000000000000000000000000

          Low edge  -                                                                                                   
            *10^ 1  0000000000011111111112222222222333333333344444444445555555555666666666677777777778888888888999999999
            *10^ 0  0012345678901234567890123456789012345678901234567890123456789012345678901234567890123456789012345678
            *10^-1  5555555555555555555555555555555555555555555555555555555555555555555555555555555555555555555555555555

   Entries  =      1000   xMin =    -0.500   Underflow =     0.000   Mean   = 0.000e+00   RMS  = 0.000e+00
   SumW(in) =  1000.000   xMax =    99.500   Overflow  =     0.000   Median = 0.000e+00   nEff =  1000.000


  2026-07-10 10:53       number of HV hadrons

        7.80*10^ 1                 X                                                                                    
        7.50*10^ 1                 X                                                                                    
        7.20*10^ 1                 X                                                                                    
        6.90*10^ 1                XX                                                                                    
        6.60*10^ 1                XX XX                                                                                 
        6.30*10^ 1                XX XX                                                                                 
        6.00*10^ 1               3XX7XX 77                                                                              
        5.70*10^ 1               XXXXXX XX                                                                              
        5.40*10^ 1               XXXXXXXXX                                                                              
        5.10*10^ 1               XXXXXXXXX3                                                                             
        4.80*10^ 1               XXXXXXXXXX                                                                             
        4.50*10^ 1             33XXXXXXXXXX                                                                             
        4.20*10^ 1             XXXXXXXXXXXX                                                                             
        3.90*10^ 1             XXXXXXXXXXXXX 3                                                                          
        3.60*10^ 1             XXXXXXXXXXXXX X                                                                          
        3.30*10^ 1             XXXXXXXXXXXXX X                                                                          
        3.00*10^ 1             XXXXXXXXXXXXX7X3                                                                         
        2.70*10^ 1             XXXXXXXXXXXXXXXX                                                                         
        2.40*10^ 1            XXXXXXXXXXXXXXXXX3                                                                        
        2.10*10^ 1            XXXXXXXXXXXXXXXXXXX 3                                                                     
        1.80*10^ 1            XXXXXXXXXXXXXXXXXXX X                                                                     
        1.50*10^ 1            XXXXXXXXXXXXXXXXXXX7X                                                                     
        1.20*10^ 1            XXXXXXXXXXXXXXXXXXXXX 3                                                                   
        0.90*10^ 1          73XXXXXXXXXXXXXXXXXXXXX7X3                                                                  
        0.60*10^ 1          XXXXXXXXXXXXXXXXXXXXXXXXXXX                                                                 
        0.30*10^ 1       3 XXXXXXXXXXXXXXXXXXXXXXXXXXXXXXX7 7  3                                                        

          Contents                                                                                                      
            *10^ 1  0000000000244567566555432322211010000000000000000000000000000000000000000000000000000000000000000000
            *10^ 0  0000010387433898966499999782149807633320200100000000000000000000000000000000000000000000000000000000
            *10^-1  0000000000000000000000000000000000000000000000000000000000000000000000000000000000000000000000000000
            *10^-2  0000000000000000000000000000000000000000000000000000000000000000000000000000000000000000000000000000

          Low edge  -                                                                                                   
            *10^ 1  0000000000011111111112222222222333333333344444444445555555555666666666677777777778888888888999999999
            *10^ 0  0012345678901234567890123456789012345678901234567890123456789012345678901234567890123456789012345678
            *10^-1  5555555555555555555555555555555555555555555555555555555555555555555555555555555555555555555555555555

   Entries  =      1000   xMin =    -0.500   Underflow =     0.000   Mean   =    18.979   RMS  =     6.080
   SumW(in) =  1000.000   xMax =    99.500   Overflow  =     0.000   Median =    18.121   nEff =  1000.000


  2026-07-10 10:53       dN/dpTj

     Histogram not shown since lowest value  0.0000e+00 and highest value  0.0000e+00 are too close 
 
   Entries  =      1000   xMin =     0.000   Underflow = 0.000e+00   Mean   = 0.000e+00   RMS  = 0.000e+00
   SumW(in) = 0.000e+00   xMax =   100.000   Overflow  = 1.000e+03   Median = 0.000e+00   nEff =       N/A
